# Exercise 4 
Creating New Aircraft Object: 0
New Aircraft Object Has Just Been Initalized: 0
Initial X-Coord:0
Initial Y-Coord: 0
Moved Right..
Moved Right..
Moved Up..
Moved Right..
Moved Left..
Moved Up..
Moved Up..
Moved Down..
Moved Up..
Moved Down..
Moved Up..
Creating New Aircraft Object: 1
New Aircraft Object Has Just Been Initalized: 1
Initial X-Coord:2
Initial Y-Coord: 4
Moved Right..
Moved Right..
Moved Up..
Moved Right..
Moved Left..
Moved Up..
Moved Up..
Moved Down..
Moved Up..
Moved Down..
Moved Up..
Creating New Aircraft Object: 2
New Aircraft Object Has Just Been Initalized: 2
Initial X-Coord:4
Initial Y-Coord: 6
Moved Right..
Moved Right..
Moved Up..
Moved Right..
Moved Left..
Moved Up..
Moved Up..
Moved Down..
Moved Up..
Moved Down..
Moved Up..
Creating New Aircraft Object: 3
New Aircraft Object Has Just Been Initalized: 3
Initial X-Coord:6
Initial Y-Coord: 12
Moved Right..
Moved Right..
Moved Up..
Moved Right..
Moved Left..
Moved Up..
Moved Up..
Moved Down..
Moved Up..
Moved Down..
Moved Up..
Creating New Aircraft Object: 4
New Aircraft Object Has Just Been Initalized: 4
Initial X-Coord:8
Initial Y-Coord: 16
Moved Right..
Moved Right..
Moved Up..
Moved Right..
Moved Left..
Moved Up..
Moved Up..
Moved Down..
Moved Up..
Moved Down..
Moved Up..

Aircraft [0]
Final X-Coord:2
Final Y-Coord: 3

Aircraft [1]
Final X-Coord:4
Final Y-Coord: 7

Aircraft [2]
Final X-Coord:6
Final Y-Coord: 9

Aircraft [3]
Final X-Coord:8
Final Y-Coord: 15

Aircraft [4]
Final X-Coord:10
Final Y-Coord: 19
=> 0..4
