Creating New Aircraft Object: 0
New Aircraft Object Has Just Been Initalized: 0
Initial X-Coord:8
Initial Y-Coord: 1
New Boeing 747 Object Has Just Been Initalized: 0
X-Coord:57
Y-Coord: 89
Creating New Aircraft Object: 1
New Aircraft Object Has Just Been Initalized: 1
Initial X-Coord:4
Initial Y-Coord: 17
New Boeing 747 Object Has Just Been Initalized: 1
X-Coord:36
Y-Coord: 84
Creating New Aircraft Object: 2
New Aircraft Object Has Just Been Initalized: 2
Initial X-Coord:3
Initial Y-Coord: 12
New Boeing 747 Object Has Just Been Initalized: 2
X-Coord:57
Y-Coord: 49
Creating New Aircraft Object: 3
New Aircraft Object Has Just Been Initalized: 3
Initial X-Coord:11
Initial Y-Coord: 15
New Boeing 747 Object Has Just Been Initalized: 3
X-Coord:52
Y-Coord: 63
Creating New Aircraft Object: 4
New Aircraft Object Has Just Been Initalized: 4
Initial X-Coord:12
Initial Y-Coord: 15
New Boeing 747 Object Has Just Been Initalized: 4
X-Coord:63
Y-Coord: 62

Aircraft [0]
Final X-Coord:8
Final Y-Coord: 1

Aircraft [1]
Final X-Coord:4
Final Y-Coord: 17

Aircraft [2]
Final X-Coord:3
Final Y-Coord: 12

Aircraft [3]
Final X-Coord:11
Final Y-Coord: 15

Aircraft [4]
Final X-Coord:12
Final Y-Coord: 15

Aircraft 
0
Starting from: (8,1)
Headed to: (57,89)
8,1.0
9,2.795918367346937
10,4.591836734693876
11,6.387755102040815
12,8.183673469387754
13,9.979591836734693
14,11.775510204081632
15,13.571428571428571
16,15.36734693877551
17,17.163265306122447
18,18.959183673469383
19,20.755102040816325
20,22.55102040816326
21,24.346938775510203
22,26.14285714285714
23,27.93877551020408
24,29.734693877551017
25,31.53061224489796
26,33.326530612244895
27,35.12244897959184
28,36.91836734693877
29,38.714285714285715
30,40.51020408163265
31,42.30612244897959
32,44.10204081632653
33,45.897959183673464
34,47.69387755102041
35,49.48979591836734
36,51.28571428571428
37,53.08163265306122
38,54.87755102040816
39,56.673469387755105
40,58.469387755102034
41,60.265306122448976
42,62.06122448979592
43,63.85714285714286
44,65.65306122448979
45,67.44897959183673
46,69.24489795918367
47,71.04081632653062
48,72.83673469387755
49,74.63265306122449
50,76.42857142857143
51,78.22448979591836
52,80.0204081632653
53,81.81632653061224
54,83.61224489795919
55,85.40816326530611
56,87.20408163265306
57,89.0
We have arrived
Acceleration Constant: 1

Aircraft 
1
Starting from: (4,17)
Headed to: (36,84)
4,17.0
5,19.09375
6,21.1875
7,23.28125
8,25.375
9,27.46875
10,29.5625
11,31.65625
12,33.75
13,35.84375
14,37.9375
15,40.03125
16,42.125
17,44.21875
18,46.3125
19,48.40625
20,50.5
21,52.59375
22,54.6875
23,56.78125
24,58.875
25,60.96875
26,63.0625
27,65.15625
28,67.25
29,69.34375
30,71.4375
31,73.53125
32,75.625
33,77.71875
34,79.8125
35,81.90625
36,84.0
We have arrived
Acceleration Constant: 1

Aircraft 
2
Starting from: (3,12)
Headed to: (57,49)
3,12.0
4,12.685185185185185
5,13.37037037037037
6,14.055555555555557
7,14.74074074074074
8,15.425925925925927
9,16.11111111111111
10,16.796296296296298
11,17.48148148148148
12,18.166666666666668
13,18.851851851851855
14,19.537037037037038
15,20.22222222222222
16,20.90740740740741
17,21.592592592592595
18,22.27777777777778
19,22.962962962962962
20,23.64814814814815
21,24.333333333333336
22,25.01851851851852
23,25.703703703703702
24,26.388888888888893
25,27.074074074074076
26,27.75925925925926
27,28.444444444444443
28,29.129629629629633
29,29.814814814814817
30,30.5
31,31.185185185185183
32,31.870370370370374
33,32.55555555555556
34,33.24074074074074
35,33.92592592592593
36,34.611111111111114
37,35.2962962962963
38,35.98148148148148
39,36.66666666666667
40,37.351851851851855
41,38.03703703703704
42,38.72222222222222
43,39.40740740740741
44,40.092592592592595
45,40.77777777777778
46,41.46296296296296
47,42.148148148148145
48,42.833333333333336
49,43.51851851851852
50,44.2037037037037
51,44.88888888888889
52,45.574074074074076
53,46.25925925925926
54,46.94444444444444
55,47.62962962962963
56,48.31481481481482
57,49.0
We have arrived
Acceleration Constant: 1

Aircraft 
3
Starting from: (11,15)
Headed to: (52,63)
11,15.0
12,16.170731707317074
13,17.34146341463415
14,18.512195121951223
15,19.68292682926829
16,20.853658536585364
17,22.024390243902438
18,23.195121951219512
19,24.365853658536587
20,25.53658536585366
21,26.707317073170728
22,27.878048780487802
23,29.048780487804876
24,30.21951219512195
25,31.390243902439025
26,32.5609756097561
27,33.73170731707317
28,34.90243902439025
29,36.073170731707314
30,37.24390243902439
31,38.41463414634146
32,39.58536585365854
33,40.75609756097561
34,41.926829268292686
35,43.09756097560976
36,44.26829268292683
37,45.4390243902439
38,46.609756097560975
39,47.78048780487805
40,48.951219512195124
41,50.1219512195122
42,51.292682926829265
43,52.46341463414634
44,53.63414634146341
45,54.80487804878049
46,55.97560975609756
47,57.146341463414636
48,58.3170731707317
49,59.48780487804878
50,60.65853658536585
51,61.829268292682926
52,63.0
We have arrived
Acceleration Constant: 1

Aircraft 
4
Starting from: (12,15)
Headed to: (63,62)
12,15.0
13,15.92156862745098
14,16.84313725490196
15,17.764705882352942
16,18.686274509803923
17,19.607843137254903
18,20.52941176470588
19,21.45098039215686
20,22.372549019607842
21,23.294117647058822
22,24.215686274509803
23,25.137254901960784
24,26.058823529411764
25,26.980392156862745
26,27.901960784313726
27,28.823529411764703
28,29.745098039215684
29,30.666666666666664
30,31.588235294117645
31,32.509803921568626
32,33.431372549019606
33,34.35294117647059
34,35.27450980392157
35,36.19607843137254
36,37.11764705882352
37,38.0392156862745
38,38.96078431372548
39,39.882352941176464
40,40.803921568627445
41,41.725490196078425
42,42.647058823529406
43,43.56862745098039
44,44.49019607843137
45,45.41176470588235
46,46.33333333333333
47,47.25490196078431
48,48.17647058823529
49,49.09803921568627
50,50.01960784313725
51,50.94117647058823
52,51.86274509803921
53,52.78431372549019
54,53.705882352941174
55,54.627450980392155
56,55.549019607843135
57,56.470588235294116
58,57.3921568627451
59,58.31372549019608
60,59.23529411764706
61,60.15686274509804
62,61.07843137254902
63,62.0
We have arrived
Acceleration Constant: 1
=> 0..4
